2024-05-16T07:56:08.557Z - info: [ui] [AppStore] loading 0 repositories from store
2024-05-16T07:56:08.588Z - info: [ui] launching: 3.3.12-linux2 (Linux 6.8.9-arch1-2)
2024-05-16T07:56:08.592Z - info: [ui] execPath: '/opt/github-desktop/github-desktop'
2024-05-16T07:56:08.604Z - info: [ui] [Welcome] no sign in step found. ignoring...
2024-05-16T07:56:08.854Z - info: [ui] Opt in reported.
2024-05-16T07:56:08.871Z - info: [ui] [Welcome] no sign in step found. ignoring...
2024-05-16T07:56:09.682Z - info: [ui] [Welcome] advancing to step: SignInToDotComWithBrowser
2024-05-16T07:56:09.682Z - info: [ui] [SignInStore] initializing OAuth flow
2024-05-16T07:56:09.685Z - info: [main] opening in browser: https://github.com/login/oauth/authorize?client_id=3a723b10ac5575cc5bb9&scope=repo%20user%20workflow&state=9ef5d64a-055e-4fe3-acad-4fac3dc91fde
2024-05-16T07:56:09.686Z - info: [ui] [Welcome] current sign in state not found. ignoring...
2024-05-16T07:56:10.253Z - info: [ui] [Welcome] kind Authentication is the same as Authentication. ignoring...
2024-05-16T07:56:10.506Z - info: [main] Received possible protocol arguments: 3
2024-05-16T07:56:10.506Z - info: [main] Processing protocol url
2024-05-16T07:56:10.506Z - info: [ui] [Dispatcher] requesting authenticated user
2024-05-16T07:56:10.520Z - info: [ui] [Welcome] kind Authentication is the same as Authentication. ignoring...
2024-05-16T07:56:10.564Z - info: [main] Received possible protocol arguments: 2
2024-05-16T07:56:10.567Z - info: [main] Processing protocol url
2024-05-16T07:56:11.020Z - info: [ui] [Welcome] kind Authentication is the same as Authentication. ignoring...
2024-05-16T07:56:11.240Z - info: [ui] [SignInStore] account resolved
2024-05-16T07:56:11.241Z - info: [ui] [AppStore] adding account MarijnSopers (Marijn) to store
2024-05-16T07:56:11.253Z - info: [ui] [Welcome] advancing to step: ConfigureGit
2024-05-16T07:56:11.283Z - info: [ui] [Welcome] no sign in step found. ignoring...
2024-05-16T07:56:11.404Z - info: [ui] [Welcome] no sign in step found. ignoring...
2024-05-16T07:56:11.570Z - info: [ui] [Welcome] no sign in step found. ignoring...
2024-05-16T07:56:12.253Z - info: [ui] [Welcome] no sign in step found. ignoring...
2024-05-16T07:56:20.627Z - info: [ui] [Welcome] no sign in step found. ignoring...
2024-05-16T07:56:20.949Z - info: [ui] Subscribed 'MarijnSopers' to Alive channel
2024-05-16T07:56:20.952Z - info: [ui] [Welcome] no sign in step found. ignoring...
2024-05-16T07:56:21.144Z - info: [ui] [Welcome] no sign in step found. ignoring...
2024-05-16T07:56:58.572Z - info: [ui] [AppStore.getAccountForRemoteURL] account found for remote: https://github.com/MarijnSopers/Dotfiles.git - MarijnSopers (has token)
2024-05-16T07:56:59.178Z - info: [ui] [AppStore] adding repository at /home/marijn/GitHub/Dotfiles to store
2024-05-16T07:56:59.559Z - info: [ui] [BranchPruner] No branches to prune.
2024-05-16T07:58:57.436Z - info: [ui] [AppStore.withAuthenticatingUser] account found for repository: Dotfiles - MarijnSopers (has token)
2024-05-16T07:59:17.446Z - info: [ui] [RepositoryIndicatorUpdater]: Refreshing sidebar indicators for 1 repositories took 1.0s of which 19.3s paused, total 20.3s
